Logfile initialized
[INFO] logfile = D:\Users\ADMIN\My Documents\Titanium_Studio_Workspace\myFirstApp\build.log
[DEBUG] D:\Users\ADMIN\AppData\Roaming\Titanium\mobilesdk\win32\3.0.2.GA\android\builder.py simulator myFirstApp D:\android D:\Users\ADMIN\My Documents\Titanium_Studio_Workspace\myFirstApp com.appcelerator.myFirstApp 8 WVGA854
[INFO] Building myFirstApp for Android ... one moment
[INFO] Titanium SDK version: 3.0.2 (02/15/13 19:02 5a77fe7)
[DEBUG] Waiting for device to be ready ...
[TRACE] adb devices returned 1 devices/emulators
[TRACE] adb devices returned 1 devices/emulators
[DEBUG] Device connected... (waited 5 seconds)
[DEBUG] waited 5.121000 seconds on emulator to get ready
[INFO] Waiting for the Android Emulator to become available
[DEBUG] com.appcelerator.myFirstApp installed? True
[INFO] Fastdev server running, deploying in Fastdev mode
[INFO] Copying CommonJS modules...
[INFO] Copying project resources..
[TRACE] COPYING MODIFIED FILE: D:\Users\ADMIN\My Documents\Titanium_Studio_Workspace\myFirstApp\Resources\main_windows\login.js => D:\Users\ADMIN\My Documents\Titanium_Studio_Workspace\myFirstApp\build\android\bin\assets\Resources\main_windows\login.js
[INFO] Tiapp.xml unchanged, skipping class generation
[DEBUG] Processing Android resource drawables
[DEBUG] found drawable-long-land-hdpi splash screen at D:\Users\ADMIN\My Documents\Titanium_Studio_Workspace\myFirstApp\Resources\android\images\res-long-land-hdpi\default.png
[DEBUG] found drawable-long-land-ldpi splash screen at D:\Users\ADMIN\My Documents\Titanium_Studio_Workspace\myFirstApp\Resources\android\images\res-long-land-ldpi\default.png
[DEBUG] found drawable-long-port-hdpi splash screen at D:\Users\ADMIN\My Documents\Titanium_Studio_Workspace\myFirstApp\Resources\android\images\res-long-port-hdpi\default.png
[DEBUG] found drawable-long-port-ldpi splash screen at D:\Users\ADMIN\My Documents\Titanium_Studio_Workspace\myFirstApp\Resources\android\images\res-long-port-ldpi\default.png
[DEBUG] found drawable-notlong-land-hdpi splash screen at D:\Users\ADMIN\My Documents\Titanium_Studio_Workspace\myFirstApp\Resources\android\images\res-notlong-land-hdpi\default.png
[DEBUG] found drawable-notlong-land-ldpi splash screen at D:\Users\ADMIN\My Documents\Titanium_Studio_Workspace\myFirstApp\Resources\android\images\res-notlong-land-ldpi\default.png
[DEBUG] found drawable-notlong-land-mdpi splash screen at D:\Users\ADMIN\My Documents\Titanium_Studio_Workspace\myFirstApp\Resources\android\images\res-notlong-land-mdpi\default.png
[DEBUG] found drawable-notlong-port-hdpi splash screen at D:\Users\ADMIN\My Documents\Titanium_Studio_Workspace\myFirstApp\Resources\android\images\res-notlong-port-hdpi\default.png
[DEBUG] found drawable-notlong-port-ldpi splash screen at D:\Users\ADMIN\My Documents\Titanium_Studio_Workspace\myFirstApp\Resources\android\images\res-notlong-port-ldpi\default.png
[DEBUG] found drawable-notlong-port-mdpi splash screen at D:\Users\ADMIN\My Documents\Titanium_Studio_Workspace\myFirstApp\Resources\android\images\res-notlong-port-mdpi\default.png
[INFO] Waiting for SDCard to become available..
[INFO] Re-launching application ... myFirstApp
[INFO] Launching application ... myFirstApp
[TRACE] Launch output: Starting: Intent { act=android.intent.action.MAIN cat=[android.intent.category.LAUNCHER] flg=0x10200000 cmp=com.appcelerator.myFirstApp/.MyfirstappActivity }

